   Lattice Mapping Report File for Design Module 'proj_guitar_hero_impl_1'

Target Vendor:        LATTICE
Target Device:        iCE40UP5KSG48
Target Performance:   High-Performance_1.2V

Mapper:    version Radiant Software (64-bit) 3.0.0.24.1
Mapped on: Sat Dec 11 18:26:26 2021

Design Information
------------------

Command line:   map proj_guitar_hero_impl_1_syn.udb C:/Users/Philip
     Lengyel/Documents/ES4Final/es4-guitar-hero/proj_guitar_hero/vga.pdc -o
     proj_guitar_hero_impl_1_map.udb -mp proj_guitar_hero_impl_1.mrp -hierrpt
     -gui

Design Summary
--------------

   Number of slice registers:  22 out of  5280 (<1%)
   Number of I/O registers:      6 out of   117 (5%)
   Number of LUT4s:            56 out of  5280 (1%)
      Number of logic LUT4s:              31
      Number of replicated LUT4s:          1
      Number of ripple logic:             12 (24 LUT4s)
   Number of IO sites used:   9 out of 39 (23%)
      Number of IO sites used for general PIO: 9
      Number of IO sites used for I3C: 0 out of 2 (0%)
      (note: If I3C is not used, its site can be used as general PIO)
      Number of IO sites used for PIO+I3C: 9 out of 36 (25%)
      Number of IO sites used for OD+RGB IO buffers: 0 out of 3 (0%)
      (note: If RGB LED drivers are not used, sites can be used as OD outputs,
       see TN1288 iCE40 LED Driver Usage Guide)
      Number of IO sites used for PIO+I3C+OD+RGB: 9 out of 39 (23%)
   Number of DSPs:             0 out of 8 (0%)
   Number of I2Cs:             0 out of 2 (0%)
   Number of High Speed OSCs:  0 out of 1 (0%)
   Number of Low Speed OSCs:   0 out of 1 (0%)
   Number of RGB PWM:          0 out of 1 (0%)
   Number of RGB Drivers:      0 out of 1 (0%)
   Number of SCL FILTERs:      0 out of 2 (0%)
   Number of SRAMs:            0 out of 4 (0%)
   Number of WARMBOOTs:        0 out of 1 (0%)
   Number of SPIs:             0 out of 2 (0%)
   Number of EBRs:             0 out of 30 (0%)
   Number of PLLs:             1 out of 1 (100%)
   Number of Clocks:  2
      Net vgaout.clk: 20 loads, 20 rising, 0 falling (Driver: Pin
     vgaout.clock.lscc_pll_inst.u_PLL_B/OUTGLOBAL)
      Net oscillatorin_c: 1 loads, 1 rising, 0 falling (Driver: Port
     oscillatorin)
   Number of Clock Enables:  3
      Net vgaout.n12095: 6 loads, 6 SLICEs
      Net vgaout.n12097: 1 loads, 1 SLICEs
      Net vgaout.n12688: 1 loads, 1 SLICEs
   Number of LSRs:  4
      Net vgaout.n12355: 6 loads, 6 SLICEs
      Net vgaout.n11961: 6 loads, 6 SLICEs
      Net vgaout.n12772: 1 loads, 1 SLICEs
      Net vgaout.n8: 1 loads, 1 SLICEs
   Top 10 highest fanout non-clock nets:

                                    Page 1





Design Summary (cont)
---------------------
      Net vgaout.n12095: 8 loads
      Net vgaout.row[8]: 8 loads
      Net vgaout.row[9]: 8 loads
      Net vgaout.column[9]: 7 loads
      Net vgaout.row[5]: 7 loads
      Net vgaout.row[7]: 7 loads
      Net vgaout.n11961: 6 loads
      Net vgaout.n12355: 6 loads
      Net vgaout.column[4]: 5 loads
      Net vgaout.column[5]: 4 loads




   Number of warnings:  16
   Number of errors:    0

Design Errors/Warnings
----------------------

WARNING - map: Top module port 'pressing[5]' does not connect to anything.
WARNING - map: Top module port 'pressing[4]' does not connect to anything.
WARNING - map: Top module port 'pressing[3]' does not connect to anything.
WARNING - map: Top module port 'pressing[2]' does not connect to anything.
WARNING - map: Top module port 'pressing[1]' does not connect to anything.
WARNING - map: Top module port 'pressing[0]' does not connect to anything.
WARNING - map: Top module port 'reset' does not connect to anything.
WARNING - map: Top module port 'start' does not connect to anything.
WARNING - map: Top module port 'pressing[5]' does not connect to anything.
WARNING - map: Top module port 'pressing[4]' does not connect to anything.
WARNING - map: Top module port 'pressing[3]' does not connect to anything.
WARNING - map: Top module port 'pressing[2]' does not connect to anything.
WARNING - map: Top module port 'pressing[1]' does not connect to anything.
WARNING - map: Top module port 'pressing[0]' does not connect to anything.
WARNING - map: Top module port 'reset' does not connect to anything.
WARNING - map: Top module port 'start' does not connect to anything.

IO (PIO) Attributes
-------------------

+---------------------+-----------+-----------+-------+-------+-----------+
| IO Name             | Direction | Levelmode |  IO   |  IO   | Special   |
|                     |           |  IO_TYPE  |  REG  |  DDR  | IO Buffer |
+---------------------+-----------+-----------+-------+-------+-----------+
| RGBout[3]           | OUTPUT    | LVCMOS33  | O     |       |           |
+---------------------+-----------+-----------+-------+-------+-----------+
| RGBout[4]           | OUTPUT    | LVCMOS33  | O     |       |           |
+---------------------+-----------+-----------+-------+-------+-----------+
| RGBout[5]           | OUTPUT    | LVCMOS33  | O     |       |           |
+---------------------+-----------+-----------+-------+-------+-----------+
| RGBout[2]           | OUTPUT    | LVCMOS33  | O     |       |           |
+---------------------+-----------+-----------+-------+-------+-----------+
| RGBout[1]           | OUTPUT    | LVCMOS33  | O     |       |           |
+---------------------+-----------+-----------+-------+-------+-----------+
| RGBout[0]           | OUTPUT    | LVCMOS33  | O     |       |           |
+---------------------+-----------+-----------+-------+-------+-----------+
| HSYNCout            | OUTPUT    | LVCMOS33  |       |       |           |

                                    Page 2





IO (PIO) Attributes (cont)
--------------------------
+---------------------+-----------+-----------+-------+-------+-----------+
| VSYNCout            | OUTPUT    | LVCMOS33  |       |       |           |
+---------------------+-----------+-----------+-------+-------+-----------+
| oscillatorin        | INPUT     | LVCMOS33  |       |       |           |
+---------------------+-----------+-----------+-------+-------+-----------+

Removed logic
-------------

Block i1 was optimized away.

PLL/DLL Summary
---------------

PLL 1:                                 Pin/Node Value
  PLL Instance Name:
       vgaout/clock/lscc_pll_inst/u_PLL_B
  Input Reference Clock:               PIN      oscillatorin_c
  Output Clock(CoreA):                          NONE
  Output Clock(GlobalA):               NODE     vgaout.clk
  Output Clock(CoreB):                          NONE
  Output Clock(GlobalB):                        NONE
  Feedback input:                      NODE
       vgaout.clock.lscc_pll_inst.feedback_w
  Internal Feedback output:            NODE
       vgaout.clock.lscc_pll_inst.feedback_w
  BYPASS signal:                                GND
  LATCH signal:                                 GND
  Lock Signal:                                  NONE
  Input Clock Frequency (MHz):                  NA
  Reference Divider:                            0
  Feedback Divider:                             0
  VCO Divider:                                  1
  ENABLE_ICEGATE_PORTA:                         0
  ENABLE_ICEGATE_PORTB:                         0
  PLLOUT_SELECT_PORTA:                          SHIFTREG_0deg
  PLLOUT_SELECT_PORTB:                          SHIFTREG_0deg
  SHIFTREG_DIV_MODE:                            0
  DELAY_ADJUSTMENT_MODE_RELATIVE:               FIXED
  FDA_RELATIVE:                                 0
  FEEDBACK_PATH:                                SIMPLE
  DELAY_ADJUSTMENT_MODE_FEEDBACK:               FIXED
  FDA_FEEDBACK:                                 0
  FILTER_RANGE:                                 0
  EXTERNAL_DIVIDE_FACTOR:                       NONE
  TEST Mode:                                    0

ASIC Components
---------------

Instance Name: vgaout/RGB_i4
         Type: IOLOGIC
Instance Name: vgaout/RGB_i2
         Type: IOLOGIC
Instance Name: vgaout/RGB_i3
         Type: IOLOGIC
Instance Name: vgaout/RGB_i0

                                    Page 3





ASIC Components (cont)
----------------------
         Type: IOLOGIC
Instance Name: vgaout/clock/lscc_pll_inst/u_PLL_B
         Type: PLL

Run Time and Memory Usage
-------------------------

   Total CPU Time: 0 secs
   Total REAL Time: 0 secs
   Peak Memory Usage: 54 MB
















































                                    Page 4


Copyright (c) 1991-1994 by NeoCAD Inc. All rights reserved.
Copyright (c) 1995
     AT&T Corp.   All rights reserved.
Copyright (c) 1995-2001 Lucent
     Technologies Inc.  All rights reserved.
Copyright (c) 2001 Agere Systems
     All rights reserved.
Copyright (c) 2002-2021 Lattice Semiconductor
     Corporation,  All rights reserved.
