synthesis:  version Radiant Software (64-bit) 3.0.0.24.1

Copyright (c) 1991-1994 by NeoCAD Inc. All rights reserved.
Copyright (c) 1995 AT&T Corp.   All rights reserved.
Copyright (c) 1995-2001 Lucent Technologies Inc.  All rights reserved.
Copyright (c) 2001 Agere Systems   All rights reserved.
Copyright (c) 2002-2021 Lattice Semiconductor Corporation,  All rights reserved.
Sat Dec 11 23:48:31 2021


Command Line:  D:\Apps\Lattice Radiant\ispfpga\bin\nt64\synthesis.exe -f proj_guitar_hero_impl_1_lattice.synproj -gui -msgset C:/Users/Philip Lengyel/Documents/ES4Final/es4-guitar-hero/proj_guitar_hero/promote.xml 

Synthesis options:
The -top option is not used.
The -a option is iCE40UP.
The -t option is SG48.
The -sp option is High-Performance_1.2V.
The -p option is iCE40UP5K.
                                                          


##########################################################


### Lattice Family     : iCE40UP


### Device             : iCE40UP5K


### Package            : SG48


### Performance Grade  : High-Performance_1.2V


                                                         


INFO - synthesis: User-Selected Strategy Settings
Optimization goal = Area
Target frequency = 200.000000 MHz.
Maximum fanout = 1000.
Timing path count = 3
RWCheckOnRam = 0

BRAM utilization = 100.000000 %
DSP usage = true
DSP utilization = 100.000000 %
fsm_encoding_style = auto
resolve_mixed_drivers = 0
fix_gated_clocks = 1


Mux style = auto (Default)
Use Carry Chain = true
carry_chain_length = 0
Loop Limit = 1950.
Use IO Insertion = TRUE
Use IO Reg = AUTO

Resource Sharing = TRUE
Propagate Constants = TRUE
Remove Duplicate Registers = TRUE
Output HDL file name = proj_guitar_hero_impl_1.vm.
ROM style = auto
RAM style = auto
The -comp option is FALSE.
The -syn option is FALSE.
-sdc option: SDC file input is proj_guitar_hero_impl_1_cpe.ldc.
-vh2008

-path C:/Users/Philip Lengyel/Documents/ES4Final/es4-guitar-hero/proj_guitar_hero (searchpath added)
-path C:/Users/Philip Lengyel/Documents/ES4Final/es4-guitar-hero/proj_guitar_hero/impl_1 (searchpath added)
-path C:/Users/Philip Lengyel/Documents/ES4Final/es4-guitar-hero/proj_guitar_hero/mypll (searchpath added)
-path D:/Apps/Lattice Radiant/ispfpga/ice40tp/data (searchpath added)
Mixed language design
WARNING - synthesis: A top-level module has not been specified for the mixed language design.
Verilog design file = D:/Apps/Lattice Radiant/ip/pmi/pmi_iCE40UP.v
Verilog design file = C:/Users/Philip Lengyel/Documents/ES4Final/es4-guitar-hero/proj_guitar_hero/mypll/rtl/mypll.v
VHDL library = pmi
VHDL design file = D:/Apps/Lattice Radiant/ip/pmi/pmi_iCE40UP.vhd
VHDL library = work
VHDL design file = C:/Users/Philip Lengyel/Documents/ES4Final/es4-guitar-hero/proj_guitar_hero/source/impl_1/top.vhd
VHDL library = work
VHDL design file = C:/Users/Philip Lengyel/Documents/ES4Final/es4-guitar-hero/proj_guitar_hero/source/impl_1/draw_game.vhd
VHDL library = work
VHDL design file = C:/Users/Philip Lengyel/Documents/ES4Final/es4-guitar-hero/proj_guitar_hero/source/impl_1/generate_notes.vhd
VHDL library = work
VHDL design file = C:/Users/Philip Lengyel/Documents/ES4Final/es4-guitar-hero/proj_guitar_hero/source/impl_1/vga.vhd
The -r option is OFF. [ Remove LOC Properties is OFF. ]
Compile design.
Compile Design Begin
Analyzing Verilog file d:/apps/lattice radiant/ip/pmi/pmi_ice40up.v. VERI-1482
INFO - synthesis: d:/apps/lattice radiant/ip/pmi/pmi_ice40up.v(1): analyzing included file d:/apps/lattice radiant/ip/pmi/pmi_addsub.v. VERI-1328
INFO - synthesis: d:/apps/lattice radiant/ip/pmi/pmi_addsub.v(40): analyzing included file d:/apps/lattice radiant/ip/pmi/../common/adder_subtractor/rtl/lscc_add_sub.v. VERI-1328
INFO - synthesis: d:/apps/lattice radiant/ip/pmi/pmi_ice40up.v(2): analyzing included file d:/apps/lattice radiant/ip/pmi/pmi_add.v. VERI-1328
INFO - synthesis: d:/apps/lattice radiant/ip/pmi/pmi_add.v(50): analyzing included file d:/apps/lattice radiant/ip/pmi/../common/adder/rtl/lscc_adder.v. VERI-1328
INFO - synthesis: d:/apps/lattice radiant/ip/pmi/pmi_ice40up.v(3): analyzing included file d:/apps/lattice radiant/ip/pmi/pmi_complex_mult.v. VERI-1328
INFO - synthesis: d:/apps/lattice radiant/ip/pmi/pmi_complex_mult.v(52): analyzing included file d:/apps/lattice radiant/ip/pmi/../common/complex_mult/rtl/lscc_complex_mult.v. VERI-1328
INFO - synthesis: d:/apps/lattice radiant/ip/pmi/pmi_ice40up.v(4): analyzing included file d:/apps/lattice radiant/ip/pmi/pmi_counter.v. VERI-1328
INFO - synthesis: d:/apps/lattice radiant/ip/pmi/pmi_counter.v(39): analyzing included file d:/apps/lattice radiant/ip/pmi/../common/counter/rtl/lscc_cntr.v. VERI-1328
INFO - synthesis: d:/apps/lattice radiant/ip/pmi/pmi_ice40up.v(5): analyzing included file d:/apps/lattice radiant/ip/pmi/pmi_fifo.v. VERI-1328
INFO - synthesis: d:/apps/lattice radiant/ip/pmi/pmi_fifo.v(44): analyzing included file d:/apps/lattice radiant/ip/pmi/../common/fifo/rtl/lscc_fifo.v. VERI-1328
INFO - synthesis: d:/apps/lattice radiant/ip/pmi/pmi_ice40up.v(6): analyzing included file d:/apps/lattice radiant/ip/pmi/pmi_fifo_dc.v. VERI-1328
INFO - synthesis: d:/apps/lattice radiant/ip/pmi/pmi_fifo_dc.v(47): analyzing included file d:/apps/lattice radiant/ip/pmi/../common/fifo_dc/rtl/lscc_fifo_dc.v. VERI-1328
INFO - synthesis: d:/apps/lattice radiant/ip/pmi/pmi_ice40up.v(7): analyzing included file d:/apps/lattice radiant/ip/pmi/pmi_mac.v. VERI-1328
INFO - synthesis: d:/apps/lattice radiant/ip/pmi/pmi_mac.v(52): analyzing included file d:/apps/lattice radiant/ip/pmi/../common/mult_accumulate/rtl/lscc_mult_accumulate.v. VERI-1328
INFO - synthesis: d:/apps/lattice radiant/ip/pmi/pmi_ice40up.v(8): analyzing included file d:/apps/lattice radiant/ip/pmi/pmi_multaddsubsum.v. VERI-1328
INFO - synthesis: d:/apps/lattice radiant/ip/pmi/pmi_multaddsubsum.v(53): analyzing included file d:/apps/lattice radiant/ip/pmi/../common/mult_add_sub_sum/rtl/lscc_mult_add_sub_sum.v. VERI-1328
INFO - synthesis: d:/apps/lattice radiant/ip/pmi/pmi_ice40up.v(9): analyzing included file d:/apps/lattice radiant/ip/pmi/pmi_multaddsub.v. VERI-1328
INFO - synthesis: d:/apps/lattice radiant/ip/pmi/pmi_multaddsub.v(52): analyzing included file d:/apps/lattice radiant/ip/pmi/../common/mult_add_sub/rtl/lscc_mult_add_sub.v. VERI-1328
INFO - synthesis: d:/apps/lattice radiant/ip/pmi/pmi_ice40up.v(10): analyzing included file d:/apps/lattice radiant/ip/pmi/pmi_mult.v. VERI-1328
INFO - synthesis: d:/apps/lattice radiant/ip/pmi/pmi_mult.v(51): analyzing included file d:/apps/lattice radiant/ip/pmi/../common/multiplier/rtl/lscc_multiplier.v. VERI-1328
INFO - synthesis: d:/apps/lattice radiant/ip/pmi/pmi_ice40up.v(11): analyzing included file d:/apps/lattice radiant/ip/pmi/pmi_ram_dp.v. VERI-1328
INFO - synthesis: d:/apps/lattice radiant/ip/pmi/pmi_ram_dp.v(48): analyzing included file d:/apps/lattice radiant/ip/pmi/../common/ram_dp/rtl/lscc_ram_dp.v. VERI-1328
INFO - synthesis: d:/apps/lattice radiant/ip/pmi/pmi_ice40up.v(12): analyzing included file d:/apps/lattice radiant/ip/pmi/pmi_ram_dq.v. VERI-1328
INFO - synthesis: d:/apps/lattice radiant/ip/pmi/pmi_ram_dq.v(45): analyzing included file d:/apps/lattice radiant/ip/pmi/../common/ram_dq/rtl/lscc_ram_dq.v. VERI-1328
INFO - synthesis: d:/apps/lattice radiant/ip/pmi/pmi_ice40up.v(13): analyzing included file d:/apps/lattice radiant/ip/pmi/pmi_rom.v. VERI-1328
INFO - synthesis: d:/apps/lattice radiant/ip/pmi/pmi_rom.v(45): analyzing included file d:/apps/lattice radiant/ip/pmi/../common/rom/rtl/lscc_rom.v. VERI-1328
INFO - synthesis: d:/apps/lattice radiant/ip/pmi/pmi_ice40up.v(14): analyzing included file d:/apps/lattice radiant/ip/pmi/pmi_sub.v. VERI-1328
INFO - synthesis: d:/apps/lattice radiant/ip/pmi/pmi_sub.v(50): analyzing included file d:/apps/lattice radiant/ip/pmi/../common/subtractor/rtl/lscc_subtractor.v. VERI-1328
INFO - synthesis: d:/apps/lattice radiant/ip/pmi/pmi_ice40up.v(15): analyzing included file d:/apps/lattice radiant/ip/pmi/pmi_ram_dp_be.v. VERI-1328
INFO - synthesis: d:/apps/lattice radiant/ip/pmi/pmi_ram_dp_be.v(49): analyzing included file d:/apps/lattice radiant/ip/pmi/../common/ram_dp/rtl/lscc_ram_dp.v. VERI-1328
INFO - synthesis: d:/apps/lattice radiant/ip/pmi/pmi_ice40up.v(16): analyzing included file d:/apps/lattice radiant/ip/pmi/pmi_ram_dq_be.v. VERI-1328
INFO - synthesis: d:/apps/lattice radiant/ip/pmi/pmi_ram_dq_be.v(45): analyzing included file d:/apps/lattice radiant/ip/pmi/../common/ram_dq/rtl/lscc_ram_dq.v. VERI-1328
INFO - synthesis: d:/apps/lattice radiant/ip/pmi/pmi_ice40up.v(17): analyzing included file d:/apps/lattice radiant/ip/pmi/pmi_dsp.v. VERI-1328
Analyzing Verilog file c:/users/philip lengyel/documents/es4final/es4-guitar-hero/proj_guitar_hero/mypll/rtl/mypll.v. VERI-1482
Analyzing VHDL file d:/apps/lattice radiant/ip/pmi/pmi_ice40up.vhd. VHDL-1481
Analyzing VHDL file d:/apps/lattice radiant/ip/pmi/pmi_ice40up.vhd

INFO - synthesis: d:/apps/lattice radiant/ip/pmi/pmi_ice40up.vhd(4): analyzing package components. VHDL-1014
Analyzing VHDL file c:/users/philip lengyel/documents/es4final/es4-guitar-hero/proj_guitar_hero/source/impl_1/top.vhd. VHDL-1481
Analyzing VHDL file c:/users/philip lengyel/documents/es4final/es4-guitar-hero/proj_guitar_hero/source/impl_1/top.vhd

INFO - synthesis: c:/users/philip lengyel/documents/es4final/es4-guitar-hero/proj_guitar_hero/source/impl_1/top.vhd(10): analyzing entity top. VHDL-1012
INFO - synthesis: c:/users/philip lengyel/documents/es4final/es4-guitar-hero/proj_guitar_hero/source/impl_1/top.vhd(28): analyzing architecture synth. VHDL-1010
Analyzing VHDL file c:/users/philip lengyel/documents/es4final/es4-guitar-hero/proj_guitar_hero/source/impl_1/draw_game.vhd. VHDL-1481
Analyzing VHDL file c:/users/philip lengyel/documents/es4final/es4-guitar-hero/proj_guitar_hero/source/impl_1/draw_game.vhd

INFO - synthesis: c:/users/philip lengyel/documents/es4final/es4-guitar-hero/proj_guitar_hero/source/impl_1/draw_game.vhd(10): analyzing entity draw_game. VHDL-1012
INFO - synthesis: c:/users/philip lengyel/documents/es4final/es4-guitar-hero/proj_guitar_hero/source/impl_1/draw_game.vhd(27): analyzing architecture synth. VHDL-1010
Analyzing VHDL file c:/users/philip lengyel/documents/es4final/es4-guitar-hero/proj_guitar_hero/source/impl_1/generate_notes.vhd. VHDL-1481
Analyzing VHDL file c:/users/philip lengyel/documents/es4final/es4-guitar-hero/proj_guitar_hero/source/impl_1/generate_notes.vhd

INFO - synthesis: c:/users/philip lengyel/documents/es4final/es4-guitar-hero/proj_guitar_hero/source/impl_1/generate_notes.vhd(9): analyzing entity generate_notes. VHDL-1012
INFO - synthesis: c:/users/philip lengyel/documents/es4final/es4-guitar-hero/proj_guitar_hero/source/impl_1/generate_notes.vhd(18): analyzing architecture synth. VHDL-1010
Analyzing VHDL file c:/users/philip lengyel/documents/es4final/es4-guitar-hero/proj_guitar_hero/source/impl_1/vga.vhd. VHDL-1481
Analyzing VHDL file c:/users/philip lengyel/documents/es4final/es4-guitar-hero/proj_guitar_hero/source/impl_1/vga.vhd

INFO - synthesis: c:/users/philip lengyel/documents/es4final/es4-guitar-hero/proj_guitar_hero/source/impl_1/vga.vhd(5): analyzing entity vga. VHDL-1012
INFO - synthesis: c:/users/philip lengyel/documents/es4final/es4-guitar-hero/proj_guitar_hero/source/impl_1/vga.vhd(18): analyzing architecture synth. VHDL-1010
WARNING - synthesis: Setting top as the top-level module. To specify the top-level module explicitly, go to View->Set Views->Hierarchy or Project->Active Implementation->Set Top-Level Unit.
INFO - synthesis: The default VHDL library search path is now "C:/Users/Philip Lengyel/Documents/ES4Final/es4-guitar-hero/proj_guitar_hero/impl_1". VHDL-1504
Top module language type = VHDL.
unit top is not yet analyzed. VHDL-1485
Top module name (VHDL, mixed language): top
                                                         


### Number of Logic Cells: 5280


### Number of RAM Blocks: 30


### Number of DSP Blocks: 8


### Number of PLLs: 1


### Number of IO Pins: 56


##########################################################


                                                         


WARNING - synthesis: Initial value found on net gen_g will be ignored due to unrecognized driver type
WARNING - synthesis: Initial value found on net gen_r will be ignored due to unrecognized driver type
WARNING - synthesis: Initial value found on net gen_y will be ignored due to unrecognized driver type
WARNING - synthesis: Initial value found on net gen_b will be ignored due to unrecognized driver type
WARNING - synthesis: Initial value found on net gen_o will be ignored due to unrecognized driver type
WARNING - synthesis: I/O Port pressing[5] 's net has no driver and is unused.
WARNING - synthesis: I/O Port pressing[4] 's net has no driver and is unused.
WARNING - synthesis: I/O Port pressing[3] 's net has no driver and is unused.
WARNING - synthesis: I/O Port pressing[2] 's net has no driver and is unused.
WARNING - synthesis: I/O Port pressing[1] 's net has no driver and is unused.
WARNING - synthesis: I/O Port pressing[0] 's net has no driver and is unused.
WARNING - synthesis: I/O Port reset 's net has no driver and is unused.
WARNING - synthesis: I/O Port start 's net has no driver and is unused.
WARNING - synthesis: I/O Port rgb[5] 's net has no driver and is unused.
WARNING - synthesis: I/O Port rgb[4] 's net has no driver and is unused.
WARNING - synthesis: I/O Port rgb[3] 's net has no driver and is unused.
WARNING - synthesis: I/O Port rgb[2] 's net has no driver and is unused.
WARNING - synthesis: I/O Port rgb[1] 's net has no driver and is unused.
WARNING - synthesis: I/O Port rgb[0] 's net has no driver and is unused.
WARNING - synthesis: c:/users/philip lengyel/documents/es4final/es4-guitar-hero/proj_guitar_hero/source/impl_1/top.vhd(123): net row[9] does not have a driver. VDB-1002
WARNING - synthesis: c:/users/philip lengyel/documents/es4final/es4-guitar-hero/proj_guitar_hero/source/impl_1/top.vhd(124): net col[9] does not have a driver. VDB-1002
WARNING - synthesis: c:/users/philip lengyel/documents/es4final/es4-guitar-hero/proj_guitar_hero/mypll/rtl/mypll.v(139): net \vgaout/clock/lscc_pll_inst/sclk_i does not have a driver. VDB-1002
WARNING - synthesis: c:/users/philip lengyel/documents/es4final/es4-guitar-hero/proj_guitar_hero/mypll/rtl/mypll.v(140): net \vgaout/clock/lscc_pll_inst/sdi_i does not have a driver. VDB-1002
######## Missing driver on net rgb[5]. Patching with GND.
######## Missing driver on net rgb[4]. Patching with GND.
######## Missing driver on net rgb[3]. Patching with GND.
######## Missing driver on net rgb[2]. Patching with GND.
######## Missing driver on net rgb[1]. Patching with GND.
######## Missing driver on net rgb[0]. Patching with GND.
######## Missing driver on net row[9]. Patching with GND.
######## Missing driver on net row[8]. Patching with GND.
######## Missing driver on net row[7]. Patching with GND.
######## Missing driver on net row[6]. Patching with GND.
######## Missing driver on net row[5]. Patching with GND.
######## Missing driver on net row[4]. Patching with GND.
######## Missing driver on net row[3]. Patching with GND.
######## Missing driver on net row[2]. Patching with GND.
######## Missing driver on net row[1]. Patching with GND.
######## Missing driver on net row[0]. Patching with GND.
######## Missing driver on net col[9]. Patching with GND.
######## Missing driver on net col[8]. Patching with GND.
######## Missing driver on net col[7]. Patching with GND.
######## Missing driver on net col[6]. Patching with GND.
######## Missing driver on net col[5]. Patching with GND.
######## Missing driver on net col[4]. Patching with GND.
######## Missing driver on net col[3]. Patching with GND.
######## Missing driver on net col[2]. Patching with GND.
######## Missing driver on net col[1]. Patching with GND.
######## Missing driver on net col[0]. Patching with GND.
######## Missing driver on net \vgaout/clock/lscc_pll_inst/sclk_i. Patching with GND.
######## Missing driver on net \vgaout/clock/lscc_pll_inst/sdi_i. Patching with GND.



WARNING - synthesis: Bit 5 of Register \vgaout/RGB_ is stuck at Zero
WARNING - synthesis: Bit 4 of Register \vgaout/RGB_ is stuck at Zero
WARNING - synthesis: Bit 3 of Register \vgaout/RGB_ is stuck at Zero
WARNING - synthesis: Bit 2 of Register \vgaout/RGB_ is stuck at Zero
WARNING - synthesis: Bit 1 of Register \vgaout/RGB_ is stuck at Zero
WARNING - synthesis: I/O Port pressing[5] 's net has no driver and is unused.
WARNING - synthesis: I/O Port pressing[4] 's net has no driver and is unused.
WARNING - synthesis: I/O Port pressing[3] 's net has no driver and is unused.
WARNING - synthesis: I/O Port pressing[2] 's net has no driver and is unused.
WARNING - synthesis: I/O Port pressing[1] 's net has no driver and is unused.
WARNING - synthesis: I/O Port pressing[0] 's net has no driver and is unused.
WARNING - synthesis: I/O Port reset 's net has no driver and is unused.
WARNING - synthesis: I/O Port start 's net has no driver and is unused.
INFO - synthesis: Special Primitives IFD1P3AZ and OFD1P3AZ for ThunderPlus are synthesized using IOL_B.

################### Begin Area Report (top)######################
Number of register bits => 22 of 5280 (0 % )
CCU2 => 12
FD1P3XZ => 22
IB => 1
IOL_B => 1
LUT4 => 21
OB => 14
PLL_B => 1
################### End Area Report ##################
Number of odd-length carry chains : 0
Number of even-length carry chains : 2

################### Begin Clock Report ######################
Clock Nets
Number of Clocks: 2
  Net : oscillatorin_c, loads : 1
  Net : vgaout/clock/lscc_pll_inst/clk, loads : 0
Clock Enable Nets
Number of Clock Enables: 0
Highest fanout non-clock nets
Top 10 highest fanout non-clock nets:
  Net : vgaout/column_9__N_64, loads : 13
  Net : vgaout/n10631, loads : 10
  Net : vgaout/n10417, loads : 10
  Net : vgaout/row[8], loads : 6
  Net : vgaout/row[7], loads : 6
  Net : vgaout/row[9], loads : 6
  Net : vgaout/row[6], loads : 5
  Net : vgaout/row[5], loads : 5
  Net : vgaout/column[9], loads : 5
  Net : vgaout/column[4], loads : 4
################### End Clock Report ##################

Peak Memory Usage: 515 MB

--------------------------------------------------------------
Total CPU Time: 4 secs 
Total REAL Time: 5 secs 
--------------------------------------------------------------
