DRC: Design Rule Check Radiant Software (64-bit) 3.0.0.24.1
Sun Dec 12 14:04:44 2021

WARNING - Top module port 'col_state[479]' does not connect to anything.
WARNING - Top module port 'col_state[478]' does not connect to anything.
WARNING - Top module port 'col_state[477]' does not connect to anything.
WARNING - Top module port 'col_state[476]' does not connect to anything.
WARNING - Top module port 'col_state[475]' does not connect to anything.
WARNING - Top module port 'col_state[474]' does not connect to anything.
WARNING - Top module port 'col_state[473]' does not connect to anything.
WARNING - Top module port 'col_state[472]' does not connect to anything.
WARNING - Top module port 'col_state[471]' does not connect to anything.
WARNING - Top module port 'col_state[470]' does not connect to anything.
WARNING - Top module port 'col_state[469]' does not connect to anything.
WARNING - Top module port 'col_state[468]' does not connect to anything.
WARNING - Top module port 'col_state[467]' does not connect to anything.
WARNING - Top module port 'col_state[466]' does not connect to anything.
WARNING - Top module port 'col_state[465]' does not connect to anything.
WARNING - Top module port 'col_state[464]' does not connect to anything.
WARNING - Top module port 'col_state[463]' does not connect to anything.
WARNING - Top module port 'col_state[462]' does not connect to anything.
WARNING - Top module port 'col_state[461]' does not connect to anything.
WARNING - Top module port 'col_state[460]' does not connect to anything.
WARNING - Top module port 'col_state[459]' does not connect to anything.
WARNING - Top module port 'col_state[458]' does not connect to anything.
WARNING - Top module port 'col_state[457]' does not connect to anything.
WARNING - Top module port 'col_state[456]' does not connect to anything.
WARNING - Top module port 'col_state[455]' does not connect to anything.
WARNING - Top module port 'col_state[454]' does not connect to anything.
WARNING - Top module port 'col_state[453]' does not connect to anything.
WARNING - Top module port 'col_state[452]' does not connect to anything.
WARNING - Top module port 'col_state[451]' does not connect to anything.
WARNING - Top module port 'col_state[450]' does not connect to anything.
WARNING - Top module port 'col_state[449]' does not connect to anything.
WARNING - Top module port 'col_state[448]' does not connect to anything.
WARNING - Top module port 'col_state[447]' does not connect to anything.
WARNING - Top module port 'col_state[446]' does not connect to anything.
WARNING - Top module port 'col_state[445]' does not connect to anything.
WARNING - Top module port 'col_state[444]' does not connect to anything.
WARNING - Top module port 'col_state[443]' does not connect to anything.
WARNING - Top module port 'col_state[442]' does not connect to anything.
WARNING - Top module port 'col_state[441]' does not connect to anything.
WARNING - Top module port 'col_state[440]' does not connect to anything.
WARNING - Top module port 'col_state[439]' does not connect to anything.
WARNING - Top module port 'col_state[438]' does not connect to anything.
WARNING - Top module port 'col_state[437]' does not connect to anything.
WARNING - Top module port 'col_state[436]' does not connect to anything.
WARNING - Top module port 'col_state[435]' does not connect to anything.
WARNING - Top module port 'col_state[434]' does not connect to anything.
WARNING - Top module port 'col_state[433]' does not connect to anything.
WARNING - Top module port 'col_state[432]' does not connect to anything.
WARNING - Top module port 'col_state[431]' does not connect to anything.
WARNING - Top module port 'col_state[430]' does not connect to anything.
WARNING - Top module port 'col_state[429]' does not connect to anything.
WARNING - Top module port 'col_state[428]' does not connect to anything.
WARNING - Top module port 'col_state[427]' does not connect to anything.
WARNING - Top module port 'col_state[426]' does not connect to anything.
WARNING - Top module port 'col_state[425]' does not connect to anything.
WARNING - Top module port 'col_state[424]' does not connect to anything.
WARNING - Top module port 'col_state[423]' does not connect to anything.
WARNING - Top module port 'col_state[422]' does not connect to anything.
WARNING - Top module port 'col_state[421]' does not connect to anything.
WARNING - Top module port 'col_state[420]' does not connect to anything.
WARNING - Top module port 'col_state[419]' does not connect to anything.
WARNING - Top module port 'col_state[418]' does not connect to anything.
WARNING - Top module port 'col_state[417]' does not connect to anything.
WARNING - Top module port 'col_state[416]' does not connect to anything.
WARNING - Top module port 'col_state[415]' does not connect to anything.
WARNING - Top module port 'col_state[414]' does not connect to anything.
WARNING - Top module port 'col_state[413]' does not connect to anything.
WARNING - Top module port 'col_state[412]' does not connect to anything.
WARNING - Top module port 'col_state[411]' does not connect to anything.
WARNING - Top module port 'col_state[410]' does not connect to anything.
WARNING - Top module port 'col_state[409]' does not connect to anything.
WARNING - Top module port 'col_state[408]' does not connect to anything.
WARNING - Top module port 'col_state[407]' does not connect to anything.
WARNING - Top module port 'col_state[406]' does not connect to anything.
WARNING - Top module port 'col_state[405]' does not connect to anything.
WARNING - Top module port 'col_state[404]' does not connect to anything.
WARNING - Top module port 'col_state[403]' does not connect to anything.
WARNING - Top module port 'col_state[402]' does not connect to anything.
WARNING - Top module port 'col_state[401]' does not connect to anything.
WARNING - Top module port 'col_state[400]' does not connect to anything.
WARNING - Top module port 'col_state[399]' does not connect to anything.
WARNING - Top module port 'col_state[398]' does not connect to anything.
WARNING - Top module port 'col_state[397]' does not connect to anything.
WARNING - Top module port 'col_state[396]' does not connect to anything.
WARNING - Top module port 'col_state[395]' does not connect to anything.
WARNING - Top module port 'col_state[394]' does not connect to anything.
WARNING - Top module port 'col_state[393]' does not connect to anything.
WARNING - Top module port 'col_state[392]' does not connect to anything.
WARNING - Top module port 'col_state[391]' does not connect to anything.
WARNING - Top module port 'col_state[390]' does not connect to anything.
WARNING - Top module port 'col_state[389]' does not connect to anything.
WARNING - Top module port 'col_state[388]' does not connect to anything.
WARNING - Top module port 'col_state[387]' does not connect to anything.
WARNING - Top module port 'col_state[386]' does not connect to anything.
WARNING - Top module port 'col_state[385]' does not connect to anything.
WARNING - Top module port 'col_state[384]' does not connect to anything.
WARNING - Top module port 'col_state[383]' does not connect to anything.
WARNING - Top module port 'col_state[382]' does not connect to anything.
WARNING - Top module port 'col_state[381]' does not connect to anything.
WARNING - Top module port 'col_state[380]' does not connect to anything.
WARNING - Top module port 'col_state[379]' does not connect to anything.
WARNING - Top module port 'col_state[378]' does not connect to anything.
WARNING - Top module port 'col_state[377]' does not connect to anything.
WARNING - Top module port 'col_state[376]' does not connect to anything.
WARNING - Top module port 'col_state[375]' does not connect to anything.
WARNING - Top module port 'col_state[374]' does not connect to anything.
WARNING - Top module port 'col_state[373]' does not connect to anything.
WARNING - Top module port 'col_state[372]' does not connect to anything.
WARNING - Top module port 'col_state[371]' does not connect to anything.
WARNING - Top module port 'col_state[370]' does not connect to anything.
WARNING - Top module port 'col_state[369]' does not connect to anything.
WARNING - Top module port 'col_state[368]' does not connect to anything.
WARNING - Top module port 'col_state[367]' does not connect to anything.
WARNING - Top module port 'col_state[366]' does not connect to anything.
WARNING - Top module port 'col_state[365]' does not connect to anything.
WARNING - Top module port 'col_state[364]' does not connect to anything.
WARNING - Top module port 'col_state[363]' does not connect to anything.
WARNING - Top module port 'col_state[362]' does not connect to anything.
WARNING - Top module port 'col_state[361]' does not connect to anything.
WARNING - Top module port 'col_state[360]' does not connect to anything.
WARNING - Top module port 'col_state[359]' does not connect to anything.
WARNING - Top module port 'col_state[358]' does not connect to anything.
WARNING - Top module port 'col_state[357]' does not connect to anything.
WARNING - Top module port 'col_state[356]' does not connect to anything.
WARNING - Top module port 'col_state[355]' does not connect to anything.
WARNING - Top module port 'col_state[354]' does not connect to anything.
WARNING - Top module port 'col_state[353]' does not connect to anything.
WARNING - Top module port 'col_state[352]' does not connect to anything.
WARNING - Top module port 'col_state[351]' does not connect to anything.
WARNING - Top module port 'col_state[350]' does not connect to anything.
WARNING - Top module port 'col_state[349]' does not connect to anything.
WARNING - Top module port 'col_state[348]' does not connect to anything.
WARNING - Top module port 'col_state[347]' does not connect to anything.
WARNING - Top module port 'col_state[346]' does not connect to anything.
WARNING - Top module port 'col_state[345]' does not connect to anything.
WARNING - Top module port 'col_state[344]' does not connect to anything.
WARNING - Top module port 'col_state[343]' does not connect to anything.
WARNING - Top module port 'col_state[342]' does not connect to anything.
WARNING - Top module port 'col_state[341]' does not connect to anything.
WARNING - Top module port 'col_state[340]' does not connect to anything.
WARNING - Top module port 'col_state[339]' does not connect to anything.
WARNING - Top module port 'col_state[338]' does not connect to anything.
WARNING - Top module port 'col_state[337]' does not connect to anything.
WARNING - Top module port 'col_state[336]' does not connect to anything.
WARNING - Top module port 'col_state[335]' does not connect to anything.
WARNING - Top module port 'col_state[334]' does not connect to anything.
WARNING - Top module port 'col_state[333]' does not connect to anything.
WARNING - Top module port 'col_state[332]' does not connect to anything.
WARNING - Top module port 'col_state[331]' does not connect to anything.
WARNING - Top module port 'col_state[330]' does not connect to anything.
WARNING - Top module port 'col_state[329]' does not connect to anything.
WARNING - Top module port 'col_state[328]' does not connect to anything.
WARNING - Top module port 'col_state[327]' does not connect to anything.
WARNING - Top module port 'col_state[326]' does not connect to anything.
WARNING - Top module port 'col_state[325]' does not connect to anything.
WARNING - Top module port 'col_state[324]' does not connect to anything.
WARNING - Top module port 'col_state[323]' does not connect to anything.
WARNING - Top module port 'col_state[322]' does not connect to anything.
WARNING - Top module port 'col_state[321]' does not connect to anything.
WARNING - Top module port 'col_state[320]' does not connect to anything.
WARNING - Top module port 'col_state[319]' does not connect to anything.
WARNING - Top module port 'col_state[318]' does not connect to anything.
WARNING - Top module port 'col_state[317]' does not connect to anything.
WARNING - Top module port 'col_state[316]' does not connect to anything.
WARNING - Top module port 'col_state[315]' does not connect to anything.
WARNING - Top module port 'col_state[314]' does not connect to anything.
WARNING - Top module port 'col_state[313]' does not connect to anything.
WARNING - Top module port 'col_state[312]' does not connect to anything.
WARNING - Top module port 'col_state[311]' does not connect to anything.
WARNING - Top module port 'col_state[310]' does not connect to anything.
WARNING - Top module port 'col_state[309]' does not connect to anything.
WARNING - Top module port 'col_state[308]' does not connect to anything.
WARNING - Top module port 'col_state[307]' does not connect to anything.
WARNING - Top module port 'col_state[306]' does not connect to anything.
WARNING - Top module port 'col_state[305]' does not connect to anything.
WARNING - Top module port 'col_state[304]' does not connect to anything.
WARNING - Top module port 'col_state[303]' does not connect to anything.
WARNING - Top module port 'col_state[302]' does not connect to anything.
WARNING - Top module port 'col_state[301]' does not connect to anything.
WARNING - Top module port 'col_state[300]' does not connect to anything.
WARNING - Top module port 'col_state[299]' does not connect to anything.
WARNING - Top module port 'col_state[298]' does not connect to anything.
WARNING - Top module port 'col_state[297]' does not connect to anything.
WARNING - Top module port 'col_state[296]' does not connect to anything.
WARNING - Top module port 'col_state[295]' does not connect to anything.
WARNING - Top module port 'col_state[294]' does not connect to anything.
WARNING - Top module port 'col_state[293]' does not connect to anything.
WARNING - Top module port 'col_state[292]' does not connect to anything.
WARNING - Top module port 'col_state[291]' does not connect to anything.
WARNING - Top module port 'col_state[290]' does not connect to anything.
WARNING - Top module port 'col_state[289]' does not connect to anything.
WARNING - Top module port 'col_state[288]' does not connect to anything.
WARNING - Top module port 'col_state[287]' does not connect to anything.
WARNING - Top module port 'col_state[286]' does not connect to anything.
WARNING - Top module port 'col_state[285]' does not connect to anything.
WARNING - Top module port 'col_state[284]' does not connect to anything.
WARNING - Top module port 'col_state[283]' does not connect to anything.
WARNING - Top module port 'col_state[282]' does not connect to anything.
WARNING - Top module port 'col_state[281]' does not connect to anything.
WARNING - Top module port 'col_state[280]' does not connect to anything.
WARNING - Top module port 'col_state[279]' does not connect to anything.
WARNING - Top module port 'col_state[278]' does not connect to anything.
WARNING - Top module port 'col_state[277]' does not connect to anything.
WARNING - Top module port 'col_state[276]' does not connect to anything.
WARNING - Top module port 'col_state[275]' does not connect to anything.
WARNING - Top module port 'col_state[274]' does not connect to anything.
WARNING - Top module port 'col_state[273]' does not connect to anything.
WARNING - Top module port 'col_state[272]' does not connect to anything.
WARNING - Top module port 'col_state[271]' does not connect to anything.
WARNING - Top module port 'col_state[270]' does not connect to anything.
WARNING - Top module port 'col_state[269]' does not connect to anything.
WARNING - Top module port 'col_state[268]' does not connect to anything.
WARNING - Top module port 'col_state[267]' does not connect to anything.
WARNING - Top module port 'col_state[266]' does not connect to anything.
WARNING - Top module port 'col_state[265]' does not connect to anything.
WARNING - Top module port 'col_state[264]' does not connect to anything.
WARNING - Top module port 'col_state[263]' does not connect to anything.
WARNING - Top module port 'col_state[262]' does not connect to anything.
WARNING - Top module port 'col_state[261]' does not connect to anything.
WARNING - Top module port 'col_state[260]' does not connect to anything.
WARNING - Top module port 'col_state[259]' does not connect to anything.
WARNING - Top module port 'col_state[258]' does not connect to anything.
WARNING - Top module port 'col_state[257]' does not connect to anything.
WARNING - Top module port 'col_state[256]' does not connect to anything.
WARNING - Top module port 'col_state[255]' does not connect to anything.
WARNING - Top module port 'col_state[254]' does not connect to anything.
WARNING - Top module port 'col_state[253]' does not connect to anything.
WARNING - Top module port 'col_state[252]' does not connect to anything.
WARNING - Top module port 'col_state[251]' does not connect to anything.
WARNING - Top module port 'col_state[250]' does not connect to anything.
WARNING - Top module port 'col_state[249]' does not connect to anything.
WARNING - Top module port 'col_state[248]' does not connect to anything.
WARNING - Top module port 'col_state[247]' does not connect to anything.
WARNING - Top module port 'col_state[246]' does not connect to anything.
WARNING - Top module port 'col_state[245]' does not connect to anything.
WARNING - Top module port 'col_state[244]' does not connect to anything.
WARNING - Top module port 'col_state[243]' does not connect to anything.
WARNING - Top module port 'col_state[242]' does not connect to anything.
WARNING - Top module port 'col_state[241]' does not connect to anything.
WARNING - Top module port 'col_state[240]' does not connect to anything.
WARNING - Top module port 'col_state[239]' does not connect to anything.
WARNING - Top module port 'col_state[238]' does not connect to anything.
WARNING - Top module port 'col_state[237]' does not connect to anything.
WARNING - Top module port 'col_state[236]' does not connect to anything.
WARNING - Top module port 'col_state[235]' does not connect to anything.
WARNING - Top module port 'col_state[234]' does not connect to anything.
WARNING - Top module port 'col_state[233]' does not connect to anything.
WARNING - Top module port 'col_state[232]' does not connect to anything.
WARNING - Top module port 'col_state[231]' does not connect to anything.
WARNING - Top module port 'col_state[230]' does not connect to anything.
WARNING - Top module port 'col_state[229]' does not connect to anything.
WARNING - Top module port 'col_state[228]' does not connect to anything.
WARNING - Top module port 'col_state[227]' does not connect to anything.
WARNING - Top module port 'col_state[226]' does not connect to anything.
WARNING - Top module port 'col_state[225]' does not connect to anything.
WARNING - Top module port 'col_state[224]' does not connect to anything.
WARNING - Top module port 'col_state[223]' does not connect to anything.
WARNING - Top module port 'col_state[222]' does not connect to anything.
WARNING - Top module port 'col_state[221]' does not connect to anything.
WARNING - Top module port 'col_state[220]' does not connect to anything.
WARNING - Top module port 'col_state[219]' does not connect to anything.
WARNING - Top module port 'col_state[218]' does not connect to anything.
WARNING - Top module port 'col_state[217]' does not connect to anything.
WARNING - Top module port 'col_state[216]' does not connect to anything.
WARNING - Top module port 'col_state[215]' does not connect to anything.
WARNING - Top module port 'col_state[214]' does not connect to anything.
WARNING - Top module port 'col_state[213]' does not connect to anything.
WARNING - Top module port 'col_state[212]' does not connect to anything.
WARNING - Top module port 'col_state[211]' does not connect to anything.
WARNING - Top module port 'col_state[210]' does not connect to anything.
WARNING - Top module port 'col_state[209]' does not connect to anything.
WARNING - Top module port 'col_state[208]' does not connect to anything.
WARNING - Top module port 'col_state[207]' does not connect to anything.
WARNING - Top module port 'col_state[206]' does not connect to anything.
WARNING - Top module port 'col_state[205]' does not connect to anything.
WARNING - Top module port 'col_state[204]' does not connect to anything.
WARNING - Top module port 'col_state[203]' does not connect to anything.
WARNING - Top module port 'col_state[202]' does not connect to anything.
WARNING - Top module port 'col_state[201]' does not connect to anything.
WARNING - Top module port 'col_state[200]' does not connect to anything.
WARNING - Top module port 'col_state[199]' does not connect to anything.
WARNING - Top module port 'col_state[198]' does not connect to anything.
WARNING - Top module port 'col_state[197]' does not connect to anything.
WARNING - Top module port 'col_state[196]' does not connect to anything.
WARNING - Top module port 'col_state[195]' does not connect to anything.
WARNING - Top module port 'col_state[194]' does not connect to anything.
WARNING - Top module port 'col_state[193]' does not connect to anything.
WARNING - Top module port 'col_state[192]' does not connect to anything.
WARNING - Top module port 'col_state[191]' does not connect to anything.
WARNING - Top module port 'col_state[190]' does not connect to anything.
WARNING - Top module port 'col_state[189]' does not connect to anything.
WARNING - Top module port 'col_state[188]' does not connect to anything.
WARNING - Top module port 'col_state[187]' does not connect to anything.
WARNING - Top module port 'col_state[186]' does not connect to anything.
WARNING - Top module port 'col_state[185]' does not connect to anything.
WARNING - Top module port 'col_state[184]' does not connect to anything.
WARNING - Top module port 'col_state[183]' does not connect to anything.
WARNING - Top module port 'col_state[182]' does not connect to anything.
WARNING - Top module port 'col_state[181]' does not connect to anything.
WARNING - Top module port 'col_state[180]' does not connect to anything.
WARNING - Top module port 'col_state[179]' does not connect to anything.
WARNING - Top module port 'col_state[178]' does not connect to anything.
WARNING - Top module port 'col_state[177]' does not connect to anything.
WARNING - Top module port 'col_state[176]' does not connect to anything.
WARNING - Top module port 'col_state[175]' does not connect to anything.
WARNING - Top module port 'col_state[174]' does not connect to anything.
WARNING - Top module port 'col_state[173]' does not connect to anything.
WARNING - Top module port 'col_state[172]' does not connect to anything.
WARNING - Top module port 'col_state[171]' does not connect to anything.
WARNING - Top module port 'col_state[170]' does not connect to anything.
WARNING - Top module port 'col_state[169]' does not connect to anything.
WARNING - Top module port 'col_state[168]' does not connect to anything.
WARNING - Top module port 'col_state[167]' does not connect to anything.
WARNING - Top module port 'col_state[166]' does not connect to anything.
WARNING - Top module port 'col_state[165]' does not connect to anything.
WARNING - Top module port 'col_state[164]' does not connect to anything.
WARNING - Top module port 'col_state[163]' does not connect to anything.
WARNING - Top module port 'col_state[162]' does not connect to anything.
WARNING - Top module port 'col_state[161]' does not connect to anything.
WARNING - Top module port 'col_state[160]' does not connect to anything.
WARNING - Top module port 'col_state[159]' does not connect to anything.
WARNING - Top module port 'col_state[158]' does not connect to anything.
WARNING - Top module port 'col_state[157]' does not connect to anything.
WARNING - Top module port 'col_state[156]' does not connect to anything.
WARNING - Top module port 'col_state[155]' does not connect to anything.
WARNING - Top module port 'col_state[154]' does not connect to anything.
WARNING - Top module port 'col_state[153]' does not connect to anything.
WARNING - Top module port 'col_state[152]' does not connect to anything.
WARNING - Top module port 'col_state[151]' does not connect to anything.
WARNING - Top module port 'col_state[150]' does not connect to anything.
WARNING - Top module port 'col_state[149]' does not connect to anything.
WARNING - Top module port 'col_state[148]' does not connect to anything.
WARNING - Top module port 'col_state[147]' does not connect to anything.
WARNING - Top module port 'col_state[146]' does not connect to anything.
WARNING - Top module port 'col_state[145]' does not connect to anything.
WARNING - Top module port 'col_state[144]' does not connect to anything.
WARNING - Top module port 'col_state[143]' does not connect to anything.
WARNING - Top module port 'col_state[142]' does not connect to anything.
WARNING - Top module port 'col_state[141]' does not connect to anything.
WARNING - Top module port 'col_state[140]' does not connect to anything.
WARNING - Top module port 'col_state[139]' does not connect to anything.
WARNING - Top module port 'col_state[138]' does not connect to anything.
WARNING - Top module port 'col_state[137]' does not connect to anything.
WARNING - Top module port 'col_state[136]' does not connect to anything.
WARNING - Top module port 'col_state[135]' does not connect to anything.
WARNING - Top module port 'col_state[134]' does not connect to anything.
WARNING - Top module port 'col_state[133]' does not connect to anything.
WARNING - Top module port 'col_state[132]' does not connect to anything.
WARNING - Top module port 'col_state[131]' does not connect to anything.
WARNING - Top module port 'col_state[130]' does not connect to anything.
WARNING - Top module port 'col_state[129]' does not connect to anything.
WARNING - Top module port 'col_state[128]' does not connect to anything.
WARNING - Top module port 'col_state[127]' does not connect to anything.
WARNING - Top module port 'col_state[126]' does not connect to anything.
WARNING - Top module port 'col_state[125]' does not connect to anything.
WARNING - Top module port 'col_state[124]' does not connect to anything.
WARNING - Top module port 'col_state[123]' does not connect to anything.
WARNING - Top module port 'col_state[122]' does not connect to anything.
WARNING - Top module port 'col_state[121]' does not connect to anything.
WARNING - Top module port 'col_state[120]' does not connect to anything.
WARNING - Top module port 'col_state[119]' does not connect to anything.
WARNING - Top module port 'col_state[118]' does not connect to anything.
WARNING - Top module port 'col_state[117]' does not connect to anything.
WARNING - Top module port 'col_state[116]' does not connect to anything.
WARNING - Top module port 'col_state[115]' does not connect to anything.
WARNING - Top module port 'col_state[114]' does not connect to anything.
WARNING - Top module port 'col_state[113]' does not connect to anything.
WARNING - Top module port 'col_state[112]' does not connect to anything.
WARNING - Top module port 'col_state[111]' does not connect to anything.
WARNING - Top module port 'col_state[110]' does not connect to anything.
WARNING - Top module port 'col_state[109]' does not connect to anything.
WARNING - Top module port 'col_state[108]' does not connect to anything.
WARNING - Top module port 'col_state[107]' does not connect to anything.
WARNING - Top module port 'col_state[106]' does not connect to anything.
WARNING - Top module port 'col_state[105]' does not connect to anything.
WARNING - Top module port 'col_state[104]' does not connect to anything.
WARNING - Top module port 'col_state[103]' does not connect to anything.
WARNING - Top module port 'col_state[102]' does not connect to anything.
WARNING - Top module port 'col_state[101]' does not connect to anything.
WARNING - Top module port 'col_state[100]' does not connect to anything.
WARNING - Top module port 'col_state[99]' does not connect to anything.
WARNING - Top module port 'col_state[98]' does not connect to anything.
WARNING - Top module port 'col_state[97]' does not connect to anything.
WARNING - Top module port 'col_state[96]' does not connect to anything.
WARNING - Top module port 'col_state[95]' does not connect to anything.
WARNING - Top module port 'col_state[94]' does not connect to anything.
WARNING - Top module port 'col_state[93]' does not connect to anything.
WARNING - Top module port 'col_state[92]' does not connect to anything.
WARNING - Top module port 'col_state[91]' does not connect to anything.
WARNING - Top module port 'col_state[90]' does not connect to anything.
WARNING - Top module port 'col_state[89]' does not connect to anything.
WARNING - Top module port 'col_state[88]' does not connect to anything.
WARNING - Top module port 'col_state[87]' does not connect to anything.
WARNING - Top module port 'col_state[86]' does not connect to anything.
WARNING - Top module port 'col_state[85]' does not connect to anything.
WARNING - Top module port 'col_state[84]' does not connect to anything.
WARNING - Top module port 'col_state[83]' does not connect to anything.
WARNING - Top module port 'col_state[82]' does not connect to anything.
WARNING - Top module port 'col_state[81]' does not connect to anything.
WARNING - Top module port 'col_state[80]' does not connect to anything.
WARNING - Top module port 'col_state[79]' does not connect to anything.
WARNING - Top module port 'col_state[78]' does not connect to anything.
WARNING - Top module port 'col_state[77]' does not connect to anything.
WARNING - Top module port 'col_state[76]' does not connect to anything.
WARNING - Top module port 'col_state[75]' does not connect to anything.
WARNING - Top module port 'col_state[74]' does not connect to anything.
WARNING - Top module port 'col_state[73]' does not connect to anything.
WARNING - Top module port 'col_state[72]' does not connect to anything.
WARNING - Top module port 'col_state[71]' does not connect to anything.
WARNING - Top module port 'col_state[70]' does not connect to anything.
WARNING - Top module port 'col_state[69]' does not connect to anything.
WARNING - Top module port 'col_state[68]' does not connect to anything.
WARNING - Top module port 'col_state[67]' does not connect to anything.
WARNING - Top module port 'col_state[66]' does not connect to anything.
WARNING - Top module port 'col_state[65]' does not connect to anything.
WARNING - Top module port 'col_state[64]' does not connect to anything.
WARNING - Top module port 'col_state[63]' does not connect to anything.
WARNING - Top module port 'col_state[62]' does not connect to anything.
WARNING - Top module port 'col_state[61]' does not connect to anything.
WARNING - Top module port 'col_state[60]' does not connect to anything.
WARNING - Top module port 'col_state[59]' does not connect to anything.
WARNING - Top module port 'col_state[58]' does not connect to anything.
WARNING - Top module port 'col_state[57]' does not connect to anything.
WARNING - Top module port 'col_state[56]' does not connect to anything.
WARNING - Top module port 'col_state[55]' does not connect to anything.
WARNING - Top module port 'col_state[54]' does not connect to anything.
WARNING - Top module port 'col_state[53]' does not connect to anything.
WARNING - Top module port 'col_state[52]' does not connect to anything.
WARNING - Top module port 'col_state[51]' does not connect to anything.
WARNING - Top module port 'col_state[50]' does not connect to anything.
WARNING - Top module port 'col_state[49]' does not connect to anything.
WARNING - Top module port 'col_state[48]' does not connect to anything.
WARNING - Top module port 'col_state[47]' does not connect to anything.
WARNING - Top module port 'col_state[46]' does not connect to anything.
WARNING - Top module port 'col_state[45]' does not connect to anything.
WARNING - Top module port 'col_state[44]' does not connect to anything.
WARNING - Top module port 'col_state[43]' does not connect to anything.
WARNING - Top module port 'col_state[42]' does not connect to anything.
WARNING - Top module port 'col_state[41]' does not connect to anything.
WARNING - Top module port 'col_state[40]' does not connect to anything.
WARNING - Top module port 'col_state[39]' does not connect to anything.
WARNING - Top module port 'col_state[38]' does not connect to anything.
WARNING - Top module port 'col_state[37]' does not connect to anything.
WARNING - Top module port 'col_state[36]' does not connect to anything.
WARNING - Top module port 'col_state[35]' does not connect to anything.
WARNING - Top module port 'col_state[34]' does not connect to anything.
WARNING - Top module port 'col_state[33]' does not connect to anything.
WARNING - Top module port 'col_state[32]' does not connect to anything.
WARNING - Top module port 'col_state[31]' does not connect to anything.
WARNING - Top module port 'col_state[30]' does not connect to anything.
WARNING - Top module port 'col_state[29]' does not connect to anything.
WARNING - Top module port 'col_state[28]' does not connect to anything.
WARNING - Top module port 'col_state[27]' does not connect to anything.
WARNING - Top module port 'col_state[26]' does not connect to anything.
WARNING - Top module port 'col_state[25]' does not connect to anything.
WARNING - Top module port 'col_state[24]' does not connect to anything.
WARNING - Top module port 'col_state[23]' does not connect to anything.
WARNING - Top module port 'col_state[22]' does not connect to anything.
WARNING - Top module port 'col_state[21]' does not connect to anything.
WARNING - Top module port 'col_state[20]' does not connect to anything.
WARNING - Top module port 'col_state[19]' does not connect to anything.
WARNING - Top module port 'col_state[18]' does not connect to anything.
WARNING - Top module port 'col_state[17]' does not connect to anything.
WARNING - Top module port 'col_state[16]' does not connect to anything.
WARNING - Top module port 'col_state[15]' does not connect to anything.
WARNING - Top module port 'col_state[14]' does not connect to anything.
WARNING - Top module port 'col_state[13]' does not connect to anything.
WARNING - Top module port 'col_state[12]' does not connect to anything.
WARNING - Top module port 'col_state[11]' does not connect to anything.
WARNING - Top module port 'col_state[10]' does not connect to anything.
WARNING - Top module port 'col_state[9]' does not connect to anything.
WARNING - Top module port 'col_state[8]' does not connect to anything.
WARNING - Top module port 'col_state[7]' does not connect to anything.
WARNING - Top module port 'col_state[6]' does not connect to anything.
WARNING - Top module port 'col_state[5]' does not connect to anything.
WARNING - Top module port 'col_state[4]' does not connect to anything.
WARNING - Top module port 'col_state[3]' does not connect to anything.
WARNING - Top module port 'col_state[2]' does not connect to anything.
WARNING - Top module port 'col_state[1]' does not connect to anything.
WARNING - Top module port 'col_state[0]' does not connect to anything.
WARNING - Top module port 'rand[7]' does not connect to anything.
WARNING - Top module port 'rand[6]' does not connect to anything.
WARNING - Top module port 'rand[5]' does not connect to anything.
WARNING - Top module port 'rand[4]' does not connect to anything.
WARNING - Top module port 'rand[3]' does not connect to anything.
WARNING - Top module port 'rand[2]' does not connect to anything.
WARNING - Top module port 'rand[1]' does not connect to anything.
WARNING - Top module port 'rand[0]' does not connect to anything.
WARNING - Top module port 'gen' does not connect to anything.
WARNING - Top module port 'update' does not connect to anything.
